The system is: Darwin - 22.3.0 - x86_64
Compiling the C compiler identification source file "CMakeCCompilerId.c" succeeded.
Compiler: /usr/local/Cellar/gcc/11.2.0_3/bin/gcc-11 
Build flags: 
Id flags: -c 

The output was:
0
gcc-11: warning: could not understand version 13.02.00


Compilation of the C compiler identification source "CMakeCCompilerId.c" produced "CMakeCCompilerId.o"

The C compiler identification is GNU, found in "/Users/bulatgumerov/Documents/GitHub/computer_graphics/cmake-build-debug/CMakeFiles/3.22.3/CompilerIdC/CMakeCCompilerId.o"

Compiling the CXX compiler identification source file "CMakeCXXCompilerId.cpp" succeeded.
Compiler: /usr/local/Cellar/gcc/11.2.0_3/bin/g++-11 
Build flags: 
Id flags: -c 

The output was:
0
g++-11: warning: could not understand version 13.02.00


Compilation of the CXX compiler identification source "CMakeCXXCompilerId.cpp" produced "CMakeCXXCompilerId.o"

The CXX compiler identification is GNU, found in "/Users/bulatgumerov/Documents/GitHub/computer_graphics/cmake-build-debug/CMakeFiles/3.22.3/CompilerIdCXX/CMakeCXXCompilerId.o"

Detecting C compiler ABI info compiled with the following output:
Change Dir: /Users/bulatgumerov/Documents/GitHub/computer_graphics/cmake-build-debug/CMakeFiles/CMakeTmp

Run Build Command(s):/Applications/CLion.app/Contents/bin/ninja/mac/ninja cmTC_8fb7b && [1/2] Building C object CMakeFiles/cmTC_8fb7b.dir/CMakeCCompilerABI.c.o
gcc-11: warning: could not understand version 13.02.00
Using built-in specs.
COLLECT_GCC=/usr/local/Cellar/gcc/11.2.0_3/bin/gcc-11
Target: x86_64-apple-darwin21
Configured with: ../configure --prefix=/usr/local/opt/gcc --libdir=/usr/local/opt/gcc/lib/gcc/11 --disable-nls --enable-checking=release --with-gcc-major-version-only --enable-languages=c,c++,objc,obj-c++,fortran,d --program-suffix=-11 --with-gmp=/usr/local/opt/gmp --with-mpfr=/usr/local/opt/mpfr --with-mpc=/usr/local/opt/libmpc --with-isl=/usr/local/opt/isl --with-zstd=/usr/local/opt/zstd --with-pkgversion='Homebrew GCC 11.2.0_3' --with-bugurl=https://github.com/Homebrew/homebrew-core/issues --enable-libphobos --build=x86_64-apple-darwin21 --with-system-zlib --disable-multilib --with-native-system-header-dir=/usr/include --with-sysroot=/Library/Developer/CommandLineTools/SDKs/MacOSX12.sdk
Thread model: posix
Supported LTO compression algorithms: zlib zstd
gcc version 11.2.0 (Homebrew GCC 11.2.0_3) 
COLLECT_GCC_OPTIONS='-isysroot' '/Applications/Xcode.app/Contents/Developer/Platforms/MacOSX.platform/Developer/SDKs/MacOSX13.1.sdk' '-v' '-o' 'CMakeFiles/cmTC_8fb7b.dir/CMakeCCompilerABI.c.o' '-c' '-mtune=core2' '-dumpdir' 'CMakeFiles/cmTC_8fb7b.dir/'
 /usr/local/Cellar/gcc/11.2.0_3/bin/../libexec/gcc/x86_64-apple-darwin21/11/cc1 -quiet -v -iprefix /usr/local/Cellar/gcc/11.2.0_3/bin/../lib/gcc/11/gcc/x86_64-apple-darwin21/11/ -D__DYNAMIC__ -isysroot /Applications/Xcode.app/Contents/Developer/Platforms/MacOSX.platform/Developer/SDKs/MacOSX13.1.sdk /Applications/CLion.app/Contents/bin/cmake/mac/share/cmake-3.22/Modules/CMakeCCompilerABI.c -fPIC -quiet -dumpdir CMakeFiles/cmTC_8fb7b.dir/ -dumpbase CMakeCCompilerABI.c.c -dumpbase-ext .c -mtune=core2 -version -o /var/folders/jl/6gw5l36x7tv9jxp646h_lhn40000gn/T//ccWfUoNw.s
GNU C17 (Homebrew GCC 11.2.0_3) version 11.2.0 (x86_64-apple-darwin21)
	compiled by GNU C version 11.2.0, GMP version 6.2.1, MPFR version 4.1.0, MPC version 1.2.1, isl version isl-0.24-GMP

GGC heuristics: --param ggc-min-expand=100 --param ggc-min-heapsize=131072
ignoring nonexistent directory "/usr/local/Cellar/gcc/11.2.0_3/bin/../lib/gcc/11/gcc/x86_64-apple-darwin21/11/../../../../../../x86_64-apple-darwin21/include"
ignoring duplicate directory "/usr/local/Cellar/gcc/11.2.0_3/bin/../lib/gcc/11/gcc/../../../../lib/gcc/11/gcc/x86_64-apple-darwin21/11/include"
ignoring nonexistent directory "/Applications/Xcode.app/Contents/Developer/Platforms/MacOSX.platform/Developer/SDKs/MacOSX13.1.sdk/usr/local/include"
ignoring duplicate directory "/usr/local/Cellar/gcc/11.2.0_3/bin/../lib/gcc/11/gcc/../../../../lib/gcc/11/gcc/x86_64-apple-darwin21/11/include-fixed"
ignoring nonexistent directory "/usr/local/Cellar/gcc/11.2.0_3/bin/../lib/gcc/11/gcc/../../../../lib/gcc/11/gcc/x86_64-apple-darwin21/11/../../../../../../x86_64-apple-darwin21/include"
ignoring nonexistent directory "/Applications/Xcode.app/Contents/Developer/Platforms/MacOSX.platform/Developer/SDKs/MacOSX13.1.sdk/Library/Frameworks"
#include "..." search starts here:
#include <...> search starts here:
 /usr/local/Cellar/gcc/11.2.0_3/bin/../lib/gcc/11/gcc/x86_64-apple-darwin21/11/include
 /usr/local/Cellar/gcc/11.2.0_3/bin/../lib/gcc/11/gcc/x86_64-apple-darwin21/11/include-fixed
 /Applications/Xcode.app/Contents/Developer/Platforms/MacOSX.platform/Developer/SDKs/MacOSX13.1.sdk/usr/include
 /Applications/Xcode.app/Contents/Developer/Platforms/MacOSX.platform/Developer/SDKs/MacOSX13.1.sdk/System/Library/Frameworks
End of search list.
GNU C17 (Homebrew GCC 11.2.0_3) version 11.2.0 (x86_64-apple-darwin21)
	compiled by GNU C version 11.2.0, GMP version 6.2.1, MPFR version 4.1.0, MPC version 1.2.1, isl version isl-0.24-GMP

GGC heuristics: --param ggc-min-expand=100 --param ggc-min-heapsize=131072
Compiler executable checksum: c7285150b1cadc59d0ed6b9b2f931d36
COLLECT_GCC_OPTIONS='-isysroot' '/Applications/Xcode.app/Contents/Developer/Platforms/MacOSX.platform/Developer/SDKs/MacOSX13.1.sdk' '-v' '-o' 'CMakeFiles/cmTC_8fb7b.dir/CMakeCCompilerABI.c.o' '-c' '-mtune=core2' '-dumpdir' 'CMakeFiles/cmTC_8fb7b.dir/'
 as -arch x86_64 -v -force_cpusubtype_ALL -o CMakeFiles/cmTC_8fb7b.dir/CMakeCCompilerABI.c.o /var/folders/jl/6gw5l36x7tv9jxp646h_lhn40000gn/T//ccWfUoNw.s
Apple clang version 14.0.0 (clang-1400.0.29.202)
Target: x86_64-apple-darwin22.3.0
Thread model: posix
InstalledDir: /Applications/Xcode.app/Contents/Developer/Toolchains/XcodeDefault.xctoolchain/usr/bin
 "/Applications/Xcode.app/Contents/Developer/Toolchains/XcodeDefault.xctoolchain/usr/bin/clang" -cc1as -triple x86_64-apple-macosx13.0.0 -filetype obj -main-file-name ccWfUoNw.s -target-cpu penryn -fdebug-compilation-dir=/Users/bulatgumerov/Documents/GitHub/computer_graphics/cmake-build-debug/CMakeFiles/CMakeTmp -dwarf-debug-producer "Apple clang version 14.0.0 (clang-1400.0.29.202)" -dwarf-version=4 -mrelocation-model pic --mrelax-relocations -mllvm -disable-aligned-alloc-awareness=1 -o CMakeFiles/cmTC_8fb7b.dir/CMakeCCompilerABI.c.o /var/folders/jl/6gw5l36x7tv9jxp646h_lhn40000gn/T//ccWfUoNw.s
COMPILER_PATH=/usr/local/Cellar/gcc/11.2.0_3/bin/../libexec/gcc/x86_64-apple-darwin21/11/:/usr/local/Cellar/gcc/11.2.0_3/bin/../libexec/gcc/
LIBRARY_PATH=/usr/local/Cellar/gcc/11.2.0_3/bin/../lib/gcc/11/gcc/x86_64-apple-darwin21/11/:/usr/local/Cellar/gcc/11.2.0_3/bin/../lib/gcc/11/gcc/:/usr/local/Cellar/gcc/11.2.0_3/bin/../lib/gcc/11/gcc/x86_64-apple-darwin21/11/../../../
COLLECT_GCC_OPTIONS='-isysroot' '/Applications/Xcode.app/Contents/Developer/Platforms/MacOSX.platform/Developer/SDKs/MacOSX13.1.sdk' '-v' '-o' 'CMakeFiles/cmTC_8fb7b.dir/CMakeCCompilerABI.c.o' '-c' '-mtune=core2' '-dumpdir' 'CMakeFiles/cmTC_8fb7b.dir/CMakeCCompilerABI.c.'
[2/2] Linking C executable cmTC_8fb7b
gcc-11: warning: could not understand version 13.02.00
Using built-in specs.
COLLECT_GCC=/usr/local/Cellar/gcc/11.2.0_3/bin/gcc-11
COLLECT_LTO_WRAPPER=/usr/local/Cellar/gcc/11.2.0_3/bin/../libexec/gcc/x86_64-apple-darwin21/11/lto-wrapper
Target: x86_64-apple-darwin21
Configured with: ../configure --prefix=/usr/local/opt/gcc --libdir=/usr/local/opt/gcc/lib/gcc/11 --disable-nls --enable-checking=release --with-gcc-major-version-only --enable-languages=c,c++,objc,obj-c++,fortran,d --program-suffix=-11 --with-gmp=/usr/local/opt/gmp --with-mpfr=/usr/local/opt/mpfr --with-mpc=/usr/local/opt/libmpc --with-isl=/usr/local/opt/isl --with-zstd=/usr/local/opt/zstd --with-pkgversion='Homebrew GCC 11.2.0_3' --with-bugurl=https://github.com/Homebrew/homebrew-core/issues --enable-libphobos --build=x86_64-apple-darwin21 --with-system-zlib --disable-multilib --with-native-system-header-dir=/usr/include --with-sysroot=/Library/Developer/CommandLineTools/SDKs/MacOSX12.sdk
Thread model: posix
Supported LTO compression algorithms: zlib zstd
gcc version 11.2.0 (Homebrew GCC 11.2.0_3) 
COMPILER_PATH=/usr/local/Cellar/gcc/11.2.0_3/bin/../libexec/gcc/x86_64-apple-darwin21/11/:/usr/local/Cellar/gcc/11.2.0_3/bin/../libexec/gcc/
LIBRARY_PATH=/usr/local/Cellar/gcc/11.2.0_3/bin/../lib/gcc/11/gcc/x86_64-apple-darwin21/11/:/usr/local/Cellar/gcc/11.2.0_3/bin/../lib/gcc/11/gcc/:/usr/local/Cellar/gcc/11.2.0_3/bin/../lib/gcc/11/gcc/x86_64-apple-darwin21/11/../../../
COLLECT_GCC_OPTIONS='-isysroot' '/Applications/Xcode.app/Contents/Developer/Platforms/MacOSX.platform/Developer/SDKs/MacOSX13.1.sdk' '-v' '-o' 'cmTC_8fb7b' '-mtune=core2' '-dumpdir' 'cmTC_8fb7b.'
 /usr/local/Cellar/gcc/11.2.0_3/bin/../libexec/gcc/x86_64-apple-darwin21/11/collect2 -dynamic -arch x86_64 -syslibroot /Applications/Xcode.app/Contents/Developer/Platforms/MacOSX.platform/Developer/SDKs/MacOSX13.1.sdk -weak_reference_mismatches non-weak -o cmTC_8fb7b -lcrt1.o -L/usr/local/Cellar/gcc/11.2.0_3/bin/../lib/gcc/11/gcc/x86_64-apple-darwin21/11 -L/usr/local/Cellar/gcc/11.2.0_3/bin/../lib/gcc/11/gcc -L/usr/local/Cellar/gcc/11.2.0_3/bin/../lib/gcc/11/gcc/x86_64-apple-darwin21/11/../../.. -search_paths_first -headerpad_max_install_names -v CMakeFiles/cmTC_8fb7b.dir/CMakeCCompilerABI.c.o -lgcc_ext.10.4 -lgcc -lSystem -v
collect2 version 11.2.0
/usr/bin/ld -dynamic -arch x86_64 -syslibroot /Applications/Xcode.app/Contents/Developer/Platforms/MacOSX.platform/Developer/SDKs/MacOSX13.1.sdk -weak_reference_mismatches non-weak -o cmTC_8fb7b -lcrt1.o -L/usr/local/Cellar/gcc/11.2.0_3/bin/../lib/gcc/11/gcc/x86_64-apple-darwin21/11 -L/usr/local/Cellar/gcc/11.2.0_3/bin/../lib/gcc/11/gcc -L/usr/local/Cellar/gcc/11.2.0_3/bin/../lib/gcc/11/gcc/x86_64-apple-darwin21/11/../../.. -search_paths_first -headerpad_max_install_names -v CMakeFiles/cmTC_8fb7b.dir/CMakeCCompilerABI.c.o -lgcc_ext.10.4 -lgcc -lSystem -v
@(#)PROGRAM:ld  PROJECT:ld64-820.1
BUILD 20:07:01 Nov  7 2022
configured to support archs: armv6 armv7 armv7s arm64 arm64e arm64_32 i386 x86_64 x86_64h armv6m armv7k armv7m armv7em
@(#)PROGRAM:ld  PROJECT:ld64-820.1
BUILD 20:07:01 Nov  7 2022
configured to support archs: armv6 armv7 armv7s arm64 arm64e arm64_32 i386 x86_64 x86_64h armv6m armv7k armv7m armv7em
Library search paths:
	/usr/local/Cellar/gcc/11.2.0_3/lib/gcc/11/gcc/x86_64-apple-darwin21/11
	/usr/local/Cellar/gcc/11.2.0_3/lib/gcc/11/gcc
	/usr/local/Cellar/gcc/11.2.0_3/lib/gcc/11
	/Applications/Xcode.app/Contents/Developer/Platforms/MacOSX.platform/Developer/SDKs/MacOSX13.1.sdk/usr/lib
Framework search paths:
	/Applications/Xcode.app/Contents/Developer/Platforms/MacOSX.platform/Developer/SDKs/MacOSX13.1.sdk/System/Library/Frameworks/
ld: warning: object file (CMakeFiles/cmTC_8fb7b.dir/CMakeCCompilerABI.c.o) was built for newer macOS version (13.0) than being linked (10.4)



Parsed C implicit include dir info from above output: rv=done
  found start of include info
  found start of implicit include info
    add: [/usr/local/Cellar/gcc/11.2.0_3/bin/../lib/gcc/11/gcc/x86_64-apple-darwin21/11/include]
    add: [/usr/local/Cellar/gcc/11.2.0_3/bin/../lib/gcc/11/gcc/x86_64-apple-darwin21/11/include-fixed]
    add: [/Applications/Xcode.app/Contents/Developer/Platforms/MacOSX.platform/Developer/SDKs/MacOSX13.1.sdk/usr/include]
    add: [/Applications/Xcode.app/Contents/Developer/Platforms/MacOSX.platform/Developer/SDKs/MacOSX13.1.sdk/System/Library/Frameworks]
  end of search list found
  collapse include dir [/usr/local/Cellar/gcc/11.2.0_3/bin/../lib/gcc/11/gcc/x86_64-apple-darwin21/11/include] ==> [/usr/local/Cellar/gcc/11.2.0_3/lib/gcc/11/gcc/x86_64-apple-darwin21/11/include]
  collapse include dir [/usr/local/Cellar/gcc/11.2.0_3/bin/../lib/gcc/11/gcc/x86_64-apple-darwin21/11/include-fixed] ==> [/usr/local/Cellar/gcc/11.2.0_3/lib/gcc/11/gcc/x86_64-apple-darwin21/11/include-fixed]
  collapse include dir [/Applications/Xcode.app/Contents/Developer/Platforms/MacOSX.platform/Developer/SDKs/MacOSX13.1.sdk/usr/include] ==> [/Applications/Xcode.app/Contents/Developer/Platforms/MacOSX.platform/Developer/SDKs/MacOSX13.1.sdk/usr/include]
  collapse include dir [/Applications/Xcode.app/Contents/Developer/Platforms/MacOSX.platform/Developer/SDKs/MacOSX13.1.sdk/System/Library/Frameworks] ==> [/Applications/Xcode.app/Contents/Developer/Platforms/MacOSX.platform/Developer/SDKs/MacOSX13.1.sdk/System/Library/Frameworks]
  implicit include dirs: [/usr/local/Cellar/gcc/11.2.0_3/lib/gcc/11/gcc/x86_64-apple-darwin21/11/include;/usr/local/Cellar/gcc/11.2.0_3/lib/gcc/11/gcc/x86_64-apple-darwin21/11/include-fixed;/Applications/Xcode.app/Contents/Developer/Platforms/MacOSX.platform/Developer/SDKs/MacOSX13.1.sdk/usr/include;/Applications/Xcode.app/Contents/Developer/Platforms/MacOSX.platform/Developer/SDKs/MacOSX13.1.sdk/System/Library/Frameworks]


Parsed C implicit link information from above output:
  link line regex: [^( *|.*[/\])(ld|CMAKE_LINK_STARTFILE-NOTFOUND|([^/\]+-)?ld|collect2)[^/\]*( |$)]
  ignore line: [Change Dir: /Users/bulatgumerov/Documents/GitHub/computer_graphics/cmake-build-debug/CMakeFiles/CMakeTmp]
  ignore line: []
  ignore line: [Run Build Command(s):/Applications/CLion.app/Contents/bin/ninja/mac/ninja cmTC_8fb7b && [1/2] Building C object CMakeFiles/cmTC_8fb7b.dir/CMakeCCompilerABI.c.o]
  ignore line: [gcc-11: warning: could not understand version 13.02.00]
  ignore line: [Using built-in specs.]
  ignore line: [COLLECT_GCC=/usr/local/Cellar/gcc/11.2.0_3/bin/gcc-11]
  ignore line: [Target: x86_64-apple-darwin21]
  ignore line: [Configured with: ../configure --prefix=/usr/local/opt/gcc --libdir=/usr/local/opt/gcc/lib/gcc/11 --disable-nls --enable-checking=release --with-gcc-major-version-only --enable-languages=c c++ objc obj-c++ fortran d --program-suffix=-11 --with-gmp=/usr/local/opt/gmp --with-mpfr=/usr/local/opt/mpfr --with-mpc=/usr/local/opt/libmpc --with-isl=/usr/local/opt/isl --with-zstd=/usr/local/opt/zstd --with-pkgversion='Homebrew GCC 11.2.0_3' --with-bugurl=https://github.com/Homebrew/homebrew-core/issues --enable-libphobos --build=x86_64-apple-darwin21 --with-system-zlib --disable-multilib --with-native-system-header-dir=/usr/include --with-sysroot=/Library/Developer/CommandLineTools/SDKs/MacOSX12.sdk]
  ignore line: [Thread model: posix]
  ignore line: [Supported LTO compression algorithms: zlib zstd]
  ignore line: [gcc version 11.2.0 (Homebrew GCC 11.2.0_3) ]
  ignore line: [COLLECT_GCC_OPTIONS='-isysroot' '/Applications/Xcode.app/Contents/Developer/Platforms/MacOSX.platform/Developer/SDKs/MacOSX13.1.sdk' '-v' '-o' 'CMakeFiles/cmTC_8fb7b.dir/CMakeCCompilerABI.c.o' '-c' '-mtune=core2' '-dumpdir' 'CMakeFiles/cmTC_8fb7b.dir/']
  ignore line: [ /usr/local/Cellar/gcc/11.2.0_3/bin/../libexec/gcc/x86_64-apple-darwin21/11/cc1 -quiet -v -iprefix /usr/local/Cellar/gcc/11.2.0_3/bin/../lib/gcc/11/gcc/x86_64-apple-darwin21/11/ -D__DYNAMIC__ -isysroot /Applications/Xcode.app/Contents/Developer/Platforms/MacOSX.platform/Developer/SDKs/MacOSX13.1.sdk /Applications/CLion.app/Contents/bin/cmake/mac/share/cmake-3.22/Modules/CMakeCCompilerABI.c -fPIC -quiet -dumpdir CMakeFiles/cmTC_8fb7b.dir/ -dumpbase CMakeCCompilerABI.c.c -dumpbase-ext .c -mtune=core2 -version -o /var/folders/jl/6gw5l36x7tv9jxp646h_lhn40000gn/T//ccWfUoNw.s]
  ignore line: [GNU C17 (Homebrew GCC 11.2.0_3) version 11.2.0 (x86_64-apple-darwin21)]
  ignore line: [	compiled by GNU C version 11.2.0  GMP version 6.2.1  MPFR version 4.1.0  MPC version 1.2.1  isl version isl-0.24-GMP]
  ignore line: []
  ignore line: [GGC heuristics: --param ggc-min-expand=100 --param ggc-min-heapsize=131072]
  ignore line: [ignoring nonexistent directory "/usr/local/Cellar/gcc/11.2.0_3/bin/../lib/gcc/11/gcc/x86_64-apple-darwin21/11/../../../../../../x86_64-apple-darwin21/include"]
  ignore line: [ignoring duplicate directory "/usr/local/Cellar/gcc/11.2.0_3/bin/../lib/gcc/11/gcc/../../../../lib/gcc/11/gcc/x86_64-apple-darwin21/11/include"]
  ignore line: [ignoring nonexistent directory "/Applications/Xcode.app/Contents/Developer/Platforms/MacOSX.platform/Developer/SDKs/MacOSX13.1.sdk/usr/local/include"]
  ignore line: [ignoring duplicate directory "/usr/local/Cellar/gcc/11.2.0_3/bin/../lib/gcc/11/gcc/../../../../lib/gcc/11/gcc/x86_64-apple-darwin21/11/include-fixed"]
  ignore line: [ignoring nonexistent directory "/usr/local/Cellar/gcc/11.2.0_3/bin/../lib/gcc/11/gcc/../../../../lib/gcc/11/gcc/x86_64-apple-darwin21/11/../../../../../../x86_64-apple-darwin21/include"]
  ignore line: [ignoring nonexistent directory "/Applications/Xcode.app/Contents/Developer/Platforms/MacOSX.platform/Developer/SDKs/MacOSX13.1.sdk/Library/Frameworks"]
  ignore line: [#include "..." search starts here:]
  ignore line: [#include <...> search starts here:]
  ignore line: [ /usr/local/Cellar/gcc/11.2.0_3/bin/../lib/gcc/11/gcc/x86_64-apple-darwin21/11/include]
  ignore line: [ /usr/local/Cellar/gcc/11.2.0_3/bin/../lib/gcc/11/gcc/x86_64-apple-darwin21/11/include-fixed]
  ignore line: [ /Applications/Xcode.app/Contents/Developer/Platforms/MacOSX.platform/Developer/SDKs/MacOSX13.1.sdk/usr/include]
  ignore line: [ /Applications/Xcode.app/Contents/Developer/Platforms/MacOSX.platform/Developer/SDKs/MacOSX13.1.sdk/System/Library/Frameworks]
  ignore line: [End of search list.]
  ignore line: [GNU C17 (Homebrew GCC 11.2.0_3) version 11.2.0 (x86_64-apple-darwin21)]
  ignore line: [	compiled by GNU C version 11.2.0  GMP version 6.2.1  MPFR version 4.1.0  MPC version 1.2.1  isl version isl-0.24-GMP]
  ignore line: []
  ignore line: [GGC heuristics: --param ggc-min-expand=100 --param ggc-min-heapsize=131072]
  ignore line: [Compiler executable checksum: c7285150b1cadc59d0ed6b9b2f931d36]
  ignore line: [COLLECT_GCC_OPTIONS='-isysroot' '/Applications/Xcode.app/Contents/Developer/Platforms/MacOSX.platform/Developer/SDKs/MacOSX13.1.sdk' '-v' '-o' 'CMakeFiles/cmTC_8fb7b.dir/CMakeCCompilerABI.c.o' '-c' '-mtune=core2' '-dumpdir' 'CMakeFiles/cmTC_8fb7b.dir/']
  ignore line: [ as -arch x86_64 -v -force_cpusubtype_ALL -o CMakeFiles/cmTC_8fb7b.dir/CMakeCCompilerABI.c.o /var/folders/jl/6gw5l36x7tv9jxp646h_lhn40000gn/T//ccWfUoNw.s]
  ignore line: [Apple clang version 14.0.0 (clang-1400.0.29.202)]
  ignore line: [Target: x86_64-apple-darwin22.3.0]
  ignore line: [Thread model: posix]
  ignore line: [InstalledDir: /Applications/Xcode.app/Contents/Developer/Toolchains/XcodeDefault.xctoolchain/usr/bin]
  ignore line: [ "/Applications/Xcode.app/Contents/Developer/Toolchains/XcodeDefault.xctoolchain/usr/bin/clang" -cc1as -triple x86_64-apple-macosx13.0.0 -filetype obj -main-file-name ccWfUoNw.s -target-cpu penryn -fdebug-compilation-dir=/Users/bulatgumerov/Documents/GitHub/computer_graphics/cmake-build-debug/CMakeFiles/CMakeTmp -dwarf-debug-producer "Apple clang version 14.0.0 (clang-1400.0.29.202)" -dwarf-version=4 -mrelocation-model pic --mrelax-relocations -mllvm -disable-aligned-alloc-awareness=1 -o CMakeFiles/cmTC_8fb7b.dir/CMakeCCompilerABI.c.o /var/folders/jl/6gw5l36x7tv9jxp646h_lhn40000gn/T//ccWfUoNw.s]
  ignore line: [COMPILER_PATH=/usr/local/Cellar/gcc/11.2.0_3/bin/../libexec/gcc/x86_64-apple-darwin21/11/:/usr/local/Cellar/gcc/11.2.0_3/bin/../libexec/gcc/]
  ignore line: [LIBRARY_PATH=/usr/local/Cellar/gcc/11.2.0_3/bin/../lib/gcc/11/gcc/x86_64-apple-darwin21/11/:/usr/local/Cellar/gcc/11.2.0_3/bin/../lib/gcc/11/gcc/:/usr/local/Cellar/gcc/11.2.0_3/bin/../lib/gcc/11/gcc/x86_64-apple-darwin21/11/../../../]
  ignore line: [COLLECT_GCC_OPTIONS='-isysroot' '/Applications/Xcode.app/Contents/Developer/Platforms/MacOSX.platform/Developer/SDKs/MacOSX13.1.sdk' '-v' '-o' 'CMakeFiles/cmTC_8fb7b.dir/CMakeCCompilerABI.c.o' '-c' '-mtune=core2' '-dumpdir' 'CMakeFiles/cmTC_8fb7b.dir/CMakeCCompilerABI.c.']
  ignore line: [[2/2] Linking C executable cmTC_8fb7b]
  ignore line: [gcc-11: warning: could not understand version 13.02.00]
  ignore line: [Using built-in specs.]
  ignore line: [COLLECT_GCC=/usr/local/Cellar/gcc/11.2.0_3/bin/gcc-11]
  ignore line: [COLLECT_LTO_WRAPPER=/usr/local/Cellar/gcc/11.2.0_3/bin/../libexec/gcc/x86_64-apple-darwin21/11/lto-wrapper]
  ignore line: [Target: x86_64-apple-darwin21]
  ignore line: [Configured with: ../configure --prefix=/usr/local/opt/gcc --libdir=/usr/local/opt/gcc/lib/gcc/11 --disable-nls --enable-checking=release --with-gcc-major-version-only --enable-languages=c c++ objc obj-c++ fortran d --program-suffix=-11 --with-gmp=/usr/local/opt/gmp --with-mpfr=/usr/local/opt/mpfr --with-mpc=/usr/local/opt/libmpc --with-isl=/usr/local/opt/isl --with-zstd=/usr/local/opt/zstd --with-pkgversion='Homebrew GCC 11.2.0_3' --with-bugurl=https://github.com/Homebrew/homebrew-core/issues --enable-libphobos --build=x86_64-apple-darwin21 --with-system-zlib --disable-multilib --with-native-system-header-dir=/usr/include --with-sysroot=/Library/Developer/CommandLineTools/SDKs/MacOSX12.sdk]
  ignore line: [Thread model: posix]
  ignore line: [Supported LTO compression algorithms: zlib zstd]
  ignore line: [gcc version 11.2.0 (Homebrew GCC 11.2.0_3) ]
  ignore line: [COMPILER_PATH=/usr/local/Cellar/gcc/11.2.0_3/bin/../libexec/gcc/x86_64-apple-darwin21/11/:/usr/local/Cellar/gcc/11.2.0_3/bin/../libexec/gcc/]
  ignore line: [LIBRARY_PATH=/usr/local/Cellar/gcc/11.2.0_3/bin/../lib/gcc/11/gcc/x86_64-apple-darwin21/11/:/usr/local/Cellar/gcc/11.2.0_3/bin/../lib/gcc/11/gcc/:/usr/local/Cellar/gcc/11.2.0_3/bin/../lib/gcc/11/gcc/x86_64-apple-darwin21/11/../../../]
  ignore line: [COLLECT_GCC_OPTIONS='-isysroot' '/Applications/Xcode.app/Contents/Developer/Platforms/MacOSX.platform/Developer/SDKs/MacOSX13.1.sdk' '-v' '-o' 'cmTC_8fb7b' '-mtune=core2' '-dumpdir' 'cmTC_8fb7b.']
  link line: [ /usr/local/Cellar/gcc/11.2.0_3/bin/../libexec/gcc/x86_64-apple-darwin21/11/collect2 -dynamic -arch x86_64 -syslibroot /Applications/Xcode.app/Contents/Developer/Platforms/MacOSX.platform/Developer/SDKs/MacOSX13.1.sdk -weak_reference_mismatches non-weak -o cmTC_8fb7b -lcrt1.o -L/usr/local/Cellar/gcc/11.2.0_3/bin/../lib/gcc/11/gcc/x86_64-apple-darwin21/11 -L/usr/local/Cellar/gcc/11.2.0_3/bin/../lib/gcc/11/gcc -L/usr/local/Cellar/gcc/11.2.0_3/bin/../lib/gcc/11/gcc/x86_64-apple-darwin21/11/../../.. -search_paths_first -headerpad_max_install_names -v CMakeFiles/cmTC_8fb7b.dir/CMakeCCompilerABI.c.o -lgcc_ext.10.4 -lgcc -lSystem -v]
    arg [/usr/local/Cellar/gcc/11.2.0_3/bin/../libexec/gcc/x86_64-apple-darwin21/11/collect2] ==> ignore
    arg [-dynamic] ==> ignore
    arg [-arch] ==> ignore
    arg [x86_64] ==> ignore
    arg [-syslibroot] ==> ignore
    arg [/Applications/Xcode.app/Contents/Developer/Platforms/MacOSX.platform/Developer/SDKs/MacOSX13.1.sdk] ==> ignore
    arg [-weak_reference_mismatches] ==> ignore
    arg [non-weak] ==> ignore
    arg [-o] ==> ignore
    arg [cmTC_8fb7b] ==> ignore
    arg [-lcrt1.o] ==> lib [crt1.o]
    arg [-L/usr/local/Cellar/gcc/11.2.0_3/bin/../lib/gcc/11/gcc/x86_64-apple-darwin21/11] ==> dir [/usr/local/Cellar/gcc/11.2.0_3/bin/../lib/gcc/11/gcc/x86_64-apple-darwin21/11]
    arg [-L/usr/local/Cellar/gcc/11.2.0_3/bin/../lib/gcc/11/gcc] ==> dir [/usr/local/Cellar/gcc/11.2.0_3/bin/../lib/gcc/11/gcc]
    arg [-L/usr/local/Cellar/gcc/11.2.0_3/bin/../lib/gcc/11/gcc/x86_64-apple-darwin21/11/../../..] ==> dir [/usr/local/Cellar/gcc/11.2.0_3/bin/../lib/gcc/11/gcc/x86_64-apple-darwin21/11/../../..]
    arg [-search_paths_first] ==> ignore
    arg [-headerpad_max_install_names] ==> ignore
    arg [-v] ==> ignore
    arg [CMakeFiles/cmTC_8fb7b.dir/CMakeCCompilerABI.c.o] ==> ignore
    arg [-lgcc_ext.10.4] ==> lib [gcc_ext.10.4]
    arg [-lgcc] ==> lib [gcc]
    arg [-lSystem] ==> lib [System]
    arg [-v] ==> ignore
  Library search paths: [;/usr/local/Cellar/gcc/11.2.0_3/lib/gcc/11/gcc/x86_64-apple-darwin21/11;/usr/local/Cellar/gcc/11.2.0_3/lib/gcc/11/gcc;/usr/local/Cellar/gcc/11.2.0_3/lib/gcc/11;/Applications/Xcode.app/Contents/Developer/Platforms/MacOSX.platform/Developer/SDKs/MacOSX13.1.sdk/usr/lib]
  Framework search paths: [;/Applications/Xcode.app/Contents/Developer/Platforms/MacOSX.platform/Developer/SDKs/MacOSX13.1.sdk/System/Library/Frameworks/]
  remove lib [crt1.o]
  remove lib [System]
  collapse library dir [/usr/local/Cellar/gcc/11.2.0_3/bin/../lib/gcc/11/gcc/x86_64-apple-darwin21/11] ==> [/usr/local/Cellar/gcc/11.2.0_3/lib/gcc/11/gcc/x86_64-apple-darwin21/11]
  collapse library dir [/usr/local/Cellar/gcc/11.2.0_3/bin/../lib/gcc/11/gcc] ==> [/usr/local/Cellar/gcc/11.2.0_3/lib/gcc/11/gcc]
  collapse library dir [/usr/local/Cellar/gcc/11.2.0_3/bin/../lib/gcc/11/gcc/x86_64-apple-darwin21/11/../../..] ==> [/usr/local/Cellar/gcc/11.2.0_3/lib/gcc/11]
  collapse library dir [/usr/local/Cellar/gcc/11.2.0_3/lib/gcc/11/gcc/x86_64-apple-darwin21/11] ==> [/usr/local/Cellar/gcc/11.2.0_3/lib/gcc/11/gcc/x86_64-apple-darwin21/11]
  collapse library dir [/usr/local/Cellar/gcc/11.2.0_3/lib/gcc/11/gcc] ==> [/usr/local/Cellar/gcc/11.2.0_3/lib/gcc/11/gcc]
  collapse library dir [/usr/local/Cellar/gcc/11.2.0_3/lib/gcc/11] ==> [/usr/local/Cellar/gcc/11.2.0_3/lib/gcc/11]
  collapse library dir [/Applications/Xcode.app/Contents/Developer/Platforms/MacOSX.platform/Developer/SDKs/MacOSX13.1.sdk/usr/lib] ==> [/Applications/Xcode.app/Contents/Developer/Platforms/MacOSX.platform/Developer/SDKs/MacOSX13.1.sdk/usr/lib]
  collapse framework dir [/Applications/Xcode.app/Contents/Developer/Platforms/MacOSX.platform/Developer/SDKs/MacOSX13.1.sdk/System/Library/Frameworks/] ==> [/Applications/Xcode.app/Contents/Developer/Platforms/MacOSX.platform/Developer/SDKs/MacOSX13.1.sdk/System/Library/Frameworks]
  implicit libs: [gcc_ext.10.4;gcc]
  implicit objs: []
  implicit dirs: [/usr/local/Cellar/gcc/11.2.0_3/lib/gcc/11/gcc/x86_64-apple-darwin21/11;/usr/local/Cellar/gcc/11.2.0_3/lib/gcc/11/gcc;/usr/local/Cellar/gcc/11.2.0_3/lib/gcc/11;/Applications/Xcode.app/Contents/Developer/Platforms/MacOSX.platform/Developer/SDKs/MacOSX13.1.sdk/usr/lib]
  implicit fwks: [/Applications/Xcode.app/Contents/Developer/Platforms/MacOSX.platform/Developer/SDKs/MacOSX13.1.sdk/System/Library/Frameworks]


Compiling the CXX compiler identification source file "CMakeCXXCompilerId.cpp" succeeded.
Compiler: /usr/local/Cellar/gcc/11.2.0_3/bin/g++-11 
Build flags: 
Id flags: -c 

The output was:
0
g++-11: warning: could not understand version 13.02.00


Compilation of the CXX compiler identification source "CMakeCXXCompilerId.cpp" produced "CMakeCXXCompilerId.o"

The CXX compiler identification is GNU, found in "/Users/bulatgumerov/Documents/GitHub/computer_graphics/cmake-build-debug/CMakeFiles/3.22.3/CompilerIdCXX/CMakeCXXCompilerId.o"

